<?xml version="1.0" encoding="UTF-8"?>
<!-- Generated by org.testng.reporters.JUnitReportReporter -->
<testsuite hostname="E2GHADDMJ5L8NU7" name="com.netease.demo.NewTest123" tests="1" failures="0" timestamp="11 Oct 2017 10:18:57 GMT" time="14.172" errors="0">
  <testcase name="doTest" time="14.172" classname="com.netease.demo.NewTest123"/>
</testsuite> <!-- com.netease.demo.NewTest123 -->
