<?xml version="1.0" encoding="UTF-8"?>
<!-- Generated by org.testng.reporters.JUnitReportReporter -->
<testsuite hostname="E2GHADDMJ5L8NU7" name="com.netease.com.testcase.CreatPatientTest" tests="1" failures="0" timestamp="27 Sep 2017 06:52:05 GMT" time="35.636" errors="0">
  <testcase name="f" time="35.636" classname="com.netease.com.testcase.CreatPatientTest"/>
</testsuite> <!-- com.netease.com.testcase.CreatPatientTest -->
