<?xml version="1.0" encoding="UTF-8"?>
<!-- Generated by org.testng.reporters.JUnitReportReporter -->
<testsuite hostname="E2GHADDMJ5L8NU7" name="com.netease.com.netease.test.LoginTest" tests="1" failures="0" timestamp="26 Sep 2017 09:04:02 GMT" time="16.832" errors="0">
  <testcase name="open_urltest" time="16.832" classname="com.netease.com.netease.test.LoginTest"/>
</testsuite> <!-- com.netease.com.netease.test.LoginTest -->
