<?xml version="1.0" encoding="UTF-8"?>
<!-- Generated by org.testng.reporters.JUnitReportReporter -->
<testsuite hostname="E2GHADDMJ5L8NU7" name="com.netease.com.testcase.NewTest" tests="1" failures="0" timestamp="11 Oct 2017 09:18:51 GMT" time="16.174" errors="0">
  <testcase name="f" time="16.174" classname="com.netease.com.testcase.NewTest"/>
</testsuite> <!-- com.netease.com.testcase.NewTest -->
